#
# There is insufficient memory for the Java Runtime Environment to continue.
# Native memory allocation (mmap) failed to map 134217728 bytes for G1 virtual space
# Possible reasons:
#   The system is out of physical RAM or swap space
#   The process is running with CompressedOops enabled, and the Java Heap may be blocking the growth of the native heap
# Possible solutions:
#   Reduce memory load on the system
#   Increase physical memory or swap space
#   Check if swap backing store is full
#   Decrease Java heap size (-Xmx/-Xms)
#   Decrease number of Java threads
#   Decrease Java thread stack sizes (-Xss)
#   Set larger code cache with -XX:ReservedCodeCacheSize=
#   JVM is running with Unscaled Compressed Oops mode in which the Java heap is
#     placed in the first 4GB address space. The Java Heap base address is the
#     maximum limit for the native heap growth. Please use -XX:HeapBaseMinAddress
#     to set the Java Heap base and to place the Java Heap above 4GB virtual address.
# This output file may be truncated or incomplete.
#
#  Out of Memory Error (os_windows.cpp:3469), pid=980, tid=12328
#
# JRE version:  (17.0.1+12) (build )
# Java VM: Java HotSpot(TM) 64-Bit Server VM (17.0.1+12-LTS-39, mixed mode, sharing, tiered, compressed oops, compressed class ptrs, g1 gc, windows-amd64)
# No core dump will be written. Minidumps are not enabled by default on client versions of Windows
#

---------------  S U M M A R Y ------------

Command Line: -javaagent:C:\Program Files\JetBrains\IntelliJ IDEA Community Edition 2021.3.1\lib\idea_rt.jar=58231:C:\Program Files\JetBrains\IntelliJ IDEA Community Edition 2021.3.1\bin -Dfile.encoding=UTF-8 com.company.Main

Host: Intel(R) Core(TM) i5-4210U CPU @ 1.70GHz, 4 cores, 7G,  Windows 10 , 64 bit Build 19041 (10.0.19041.1348)
Time: Wed Jan 12 22:36:22 2022 RTZ 2 (s 10 , 64 bit Build 19041 (10.0.19041.1348) elapsed time: 0.049758 seconds (0d 0h 0m 0s)

---------------  T H R E A D  ---------------

Current thread (0x00000283dbbf3870):  JavaThread "Unknown thread" [_thread_in_vm, id=12328, stack(0x000000dddea00000,0x000000dddeb00000)]

Stack: [0x000000dddea00000,0x000000dddeb00000]
Native frames: (J=compiled Java code, j=interpreted, Vv=VM code, C=native code)
V  [jvm.dll+0x66fa1a]
V  [jvm.dll+0x7ce5a4]
V  [jvm.dll+0x7cfd4e]
V  [jvm.dll+0x7d03b3]
V  [jvm.dll+0x242b05]
V  [jvm.dll+0x66ca39]
V  [jvm.dll+0x661502]
V  [jvm.dll+0x30081b]
V  [jvm.dll+0x307da6]
V  [jvm.dll+0x357a1e]
V  [jvm.dll+0x357c4f]
V  [jvm.dll+0x2d7ad8]
V  [jvm.dll+0x2d8a44]
V  [jvm.dll+0x7a01e1]
V  [jvm.dll+0x365791]
V  [jvm.dll+0x77f6cc]
V  [jvm.dll+0x3e812f]
V  [jvm.dll+0x3e9bd1]
C  [jli.dll+0x527b]
C  [ucrtbase.dll+0x21bb2]
C  [KERNEL32.DLL+0x17034]
C  [ntdll.dll+0x52651]


---------------  P R O C E S S  ---------------

Threads class SMR info:
_java_thread_list=0x00007ffd84b37818, length=0, elements={
}

Java Threads: ( => current thread )

Other Threads:
  0x00000283dbc32ed0 GCTaskThread "GC Thread#0" [stack: 0x000000dddeb00000,0x000000dddec00000] [id=6088]
  0x00000283dbc43bd0 ConcurrentGCThread "G1 Main Marker" [stack: 0x000000dddec00000,0x000000ddded00000] [id=11128]
  0x00000283dbc446b0 ConcurrentGCThread "G1 Conc#0" [stack: 0x000000ddded00000,0x000000dddee00000] [id=9080]

[error occurred during error reporting (printing all threads), id 0xc0000005, EXCEPTION_ACCESS_VIOLATION (0xc0000005) at pc=0x00007ffd843884b7]

VM state: not at safepoint (not fully initialized)

VM Mutex/Monitor currently owned by a thread:  ([mutex/lock_event])
[0x00000283dbbefd20] Heap_lock - owner thread: 0x00000283dbbf3870

Heap address: 0x0000000081200000, size: 2030 MB, Compressed Oops mode: 32-bit

CDS archive(s) mapped at: [0x0000000000000000-0x0000000000000000-0x0000000000000000), size 0, SharedBaseAddress: 0x0000000800000000, ArchiveRelocationMode: 0.
Narrow klass base: 0x0000000000000000, Narrow klass shift: 0, Narrow klass range: 0x0

GC Precious Log:
<Empty>

Heap:
 garbage-first heap   total 0K, used 0K [0x0000000081200000, 0x0000000100000000)
  region size 1024K, 0 young (0K), 0 survivors (0K)

[error occurred during error reporting (printing heap information), id 0xc0000005, EXCEPTION_ACCESS_VIOLATION (0xc0000005) at pc=0x00007ffd84768d89]

GC Heap History (0 events):
No events

Deoptimization events (0 events):
No events

Classes unloaded (0 events):
No events

Classes redefined (0 events):
No events

Internal exceptions (0 events):
No events

VM Operations (0 events):
No events

Events (1 events):
Event: 0.034 Loaded shared library C:\Program Files\Java\jdk-17.0.1\bin\java.dll


Dynamic libraries:
0x00007ff628a00000 - 0x00007ff628a10000 	C:\Program Files\Java\jdk-17.0.1\bin\java.exe
0x00007ffe0eb30000 - 0x00007ffe0ed25000 	C:\WINDOWS\SYSTEM32\ntdll.dll
0x00007ffdebeb0000 - 0x00007ffdebec6000 	C:\Program Files\Avast Software\Avast\aswhook.dll
0x00007ffe0e050000 - 0x00007ffe0e10e000 	C:\WINDOWS\System32\KERNEL32.DLL
0x00007ffe0c300000 - 0x00007ffe0c5c8000 	C:\WINDOWS\System32\KERNELBASE.dll
0x00007ffe09750000 - 0x00007ffe097e0000 	C:\WINDOWS\SYSTEM32\apphelp.dll
0x00007ffe0ca50000 - 0x00007ffe0cb50000 	C:\WINDOWS\System32\ucrtbase.dll
0x00007ffe05460000 - 0x00007ffe05478000 	C:\Program Files\Java\jdk-17.0.1\bin\jli.dll
0x00007ffe0e2a0000 - 0x00007ffe0e34c000 	C:\WINDOWS\System32\ADVAPI32.dll
0x00007ffe0d030000 - 0x00007ffe0d0ce000 	C:\WINDOWS\System32\msvcrt.dll
0x00007ffe0d430000 - 0x00007ffe0d4cb000 	C:\WINDOWS\System32\sechost.dll
0x00007ffe0e110000 - 0x00007ffe0e23a000 	C:\WINDOWS\System32\RPCRT4.dll
0x00007ffe0de10000 - 0x00007ffe0dfb1000 	C:\WINDOWS\System32\USER32.dll
0x00007ffe0c2d0000 - 0x00007ffe0c2f2000 	C:\WINDOWS\System32\win32u.dll
0x00007ffe0cc00000 - 0x00007ffe0cc2b000 	C:\WINDOWS\System32\GDI32.dll
0x00007ffe0c5d0000 - 0x00007ffe0c6dd000 	C:\WINDOWS\System32\gdi32full.dll
0x00007ffe0c920000 - 0x00007ffe0c9bd000 	C:\WINDOWS\System32\msvcp_win.dll
0x00007ffe05430000 - 0x00007ffe0544a000 	C:\Program Files\Java\jdk-17.0.1\bin\VCRUNTIME140.dll
0x00007ffdfe600000 - 0x00007ffdfe89a000 	C:\WINDOWS\WinSxS\amd64_microsoft.windows.common-controls_6595b64144ccf1df_6.0.19041.1110_none_60b5254171f9507e\COMCTL32.dll
0x00007ffe02350000 - 0x00007ffe0235a000 	C:\WINDOWS\SYSTEM32\VERSION.dll
0x00007ffe0dc20000 - 0x00007ffe0dc50000 	C:\WINDOWS\System32\IMM32.DLL
0x00007ffe05420000 - 0x00007ffe0542c000 	C:\Program Files\Java\jdk-17.0.1\bin\vcruntime140_1.dll
0x00007ffdf61d0000 - 0x00007ffdf625d000 	C:\Program Files\Java\jdk-17.0.1\bin\msvcp140.dll
0x00007ffd840a0000 - 0x00007ffd84c5e000 	C:\Program Files\Java\jdk-17.0.1\bin\server\jvm.dll
0x00007ffe0ddf0000 - 0x00007ffe0ddf8000 	C:\WINDOWS\System32\PSAPI.DLL
0x00007ffdfa9c0000 - 0x00007ffdfa9c9000 	C:\WINDOWS\SYSTEM32\WSOCK32.dll
0x00007ffdfe3b0000 - 0x00007ffdfe3d7000 	C:\WINDOWS\SYSTEM32\WINMM.dll
0x00007ffe0dd80000 - 0x00007ffe0ddeb000 	C:\WINDOWS\System32\WS2_32.dll
0x00007ffe0a250000 - 0x00007ffe0a262000 	C:\WINDOWS\SYSTEM32\kernel.appcore.dll
0x00007ffdfa260000 - 0x00007ffdfa26a000 	C:\Program Files\Java\jdk-17.0.1\bin\jimage.dll
0x00007ffe09f50000 - 0x00007ffe0a134000 	C:\WINDOWS\SYSTEM32\DBGHELP.DLL
0x00007ffe004e0000 - 0x00007ffe0050c000 	C:\WINDOWS\SYSTEM32\dbgcore.DLL
0x00007ffe0c9c0000 - 0x00007ffe0ca42000 	C:\WINDOWS\System32\bcryptPrimitives.dll
0x00007ffdf61c0000 - 0x00007ffdf61ce000 	C:\Program Files\Java\jdk-17.0.1\bin\instrument.dll
0x00007ffdf6070000 - 0x00007ffdf6095000 	C:\Program Files\Java\jdk-17.0.1\bin\java.dll

dbghelp: loaded successfully - version: 4.0.5 - missing functions: none
symbol engine: initialized successfully - sym options: 0x614 - pdb path: .;C:\Program Files\Java\jdk-17.0.1\bin;C:\WINDOWS\SYSTEM32;C:\Program Files\Avast Software\Avast;C:\WINDOWS\WinSxS\amd64_microsoft.windows.common-controls_6595b64144ccf1df_6.0.19041.1110_none_60b5254171f9507e;C:\Program Files\Java\jdk-17.0.1\bin\server

VM Arguments:
jvm_args: -javaagent:C:\Program Files\JetBrains\IntelliJ IDEA Community Edition 2021.3.1\lib\idea_rt.jar=58231:C:\Program Files\JetBrains\IntelliJ IDEA Community Edition 2021.3.1\bin -Dfile.encoding=UTF-8 
java_command: com.company.Main
java_class_path (initial): C:\Users\laris\IdeaProjects\com.company\out\production\com.company
Launcher Type: SUN_STANDARD

[Global flags]
     intx CICompilerCount                          = 3                                         {product} {ergonomic}
     uint ConcGCThreads                            = 1                                         {product} {ergonomic}
     uint G1ConcRefinementThreads                  = 4                                         {product} {ergonomic}
   size_t G1HeapRegionSize                         = 1048576                                   {product} {ergonomic}
    uintx GCDrainStackTargetSize                   = 64                                        {product} {ergonomic}
   size_t InitialHeapSize                          = 134217728                                 {product} {ergonomic}
   size_t MarkStackSize                            = 4194304                                   {product} {ergonomic}
   size_t MaxHeapSize                              = 2128609280                                {product} {ergonomic}
   size_t MinHeapDeltaBytes                        = 1048576                                   {product} {ergonomic}
   size_t MinHeapSize                              = 8388608                                   {product} {ergonomic}
    uintx NonNMethodCodeHeapSize                   = 5832780                                {pd product} {ergonomic}
    uintx NonProfiledCodeHeapSize                  = 122912730                              {pd product} {ergonomic}
    uintx ProfiledCodeHeapSize                     = 122912730                              {pd product} {ergonomic}
    uintx ReservedCodeCacheSize                    = 251658240                              {pd product} {ergonomic}
     bool SegmentedCodeCache                       = true                                      {product} {ergonomic}
   size_t SoftMaxHeapSize                          = 2128609280                             {manageable} {ergonomic}
     bool UseCompressedClassPointers               = true                           {product lp64_product} {ergonomic}
     bool UseCompressedOops                        = true                           {product lp64_product} {ergonomic}
     bool UseG1GC                                  = true                                      {product} {ergonomic}
     bool UseLargePagesIndividualAllocation        = false                                  {pd product} {ergonomic}

Logging:
Log output configuration:
 #0: stdout all=warning uptime,level,tags
 #1: stderr all=off uptime,level,tags

Environment Variables:
PATH=C:\Program Files\Common Files\Oracle\Java\javapath;C:\Program Files (x86)\Intel\iCLS Client\;C:\Program Files\Intel\iCLS Client\;C:\WINDOWS\system32;C:\WINDOWS;C:\WINDOWS\System32\Wbem;C:\WINDOWS\System32\WindowsPowerShell\v1.0\;C:\Program Files (x86)\Intel\Intel(R) Management Engine Components\DAL;C:\Program Files\Intel\Intel(R) Management Engine Components\DAL;C:\Program Files (x86)\Intel\Intel(R) Management Engine Components\IPT;C:\Program Files\Intel\Intel(R) Management Engine Components\IPT;c:\Program Files (x86)\ATI Technologies\ATI.ACE\Core-Static;C:\WINDOWS\System32\OpenSSH\;C:\Users\laris\AppData\Local\Microsoft\WindowsApps;
USERNAME=laris
OS=Windows_NT
PROCESSOR_IDENTIFIER=Intel64 Family 6 Model 69 Stepping 1, GenuineIntel



---------------  S Y S T E M  ---------------

OS:
 Windows 10 , 64 bit Build 19041 (10.0.19041.1348)
OS uptime: 0 days 2:56 hours

CPU: total 4 (initial active 4) (2 cores per cpu, 2 threads per core) family 6 model 69 stepping 1 microcode 0x25, cx8, cmov, fxsr, ht, mmx, sse, sse2, sse3, ssse3, sse4.1, sse4.2, popcnt, lzcnt, tsc, tscinvbit, avx, avx2, aes, erms, clmul, bmi1, bmi2, fma, vzeroupper, clflush

Memory: 4k page, system-wide physical 8113M (1783M free)
TotalPageFile size 9137M (AvailPageFile size 29M)
current process WorkingSet (physical memory assigned to process): 11M, peak: 11M
current process commit charge ("private bytes"): 51M, peak: 179M

vm_info: Java HotSpot(TM) 64-Bit Server VM (17.0.1+12-LTS-39) for windows-amd64 JRE (17.0.1+12-LTS-39), built on Sep 27 2021 18:41:35 by "mach5one" with MS VC++ 16.8 (VS2019)

END.
